2024-06-24 18:08:06,499 p=3444395 u=upszot n=ansible | [WARNING]: A duplicate localhost-like entry was found (localhost). First found localhost was 127.0.0.1

2024-06-24 18:08:06,598 p=3444395 u=upszot n=ansible | PLAY [all] **********************************************************************************************************************************************************************************************************************************
2024-06-24 18:08:06,609 p=3444395 u=upszot n=ansible | TASK [Gathering Facts] **********************************************************************************************************************************************************************************************************************
2024-06-24 18:08:07,746 p=3444395 u=upszot n=ansible | ok: [localhost]
2024-06-24 18:08:07,775 p=3444395 u=upszot n=ansible | TASK [include_role : 2do_parcial] ***********************************************************************************************************************************************************************************************************
2024-06-24 18:08:07,805 p=3444395 u=upszot n=ansible | TASK [2do_parcial : debug] ******************************************************************************************************************************************************************************************************************
2024-06-24 18:08:07,817 p=3444395 u=upszot n=ansible | ok: [localhost] => {
    "msg": "Tareas del 2do Parcial"
}
2024-06-24 18:08:07,836 p=3444395 u=upszot n=ansible | TASK [Otra tarea] ***************************************************************************************************************************************************************************************************************************
2024-06-24 18:08:07,851 p=3444395 u=upszot n=ansible | ok: [localhost] => {
    "msg": "Despues de la ejecucion del rol"
}
2024-06-24 18:08:07,885 p=3444395 u=upszot n=ansible | PLAY RECAP **********************************************************************************************************************************************************************************************************************************
2024-06-24 18:08:07,885 p=3444395 u=upszot n=ansible | localhost                  : ok=3    changed=0    unreachable=0    failed=0    skipped=0    rescued=0    ignored=0   
2024-11-18 17:24:08,563 p=33087 u=osboxes n=ansible | [WARNING]: No inventory was parsed, only implicit localhost is available

2024-11-18 17:24:08,571 p=33087 u=osboxes n=ansible | [WARNING]: provided hosts list is empty, only localhost is available. Note that the
implicit localhost does not match 'all'

2024-11-18 17:24:08,840 p=33087 u=osboxes n=ansible | PLAY [all] *****************************************************************************
2024-11-18 17:24:08,841 p=33087 u=osboxes n=ansible | skipping: no hosts matched
2024-11-18 17:24:08,841 p=33087 u=osboxes n=ansible | PLAY RECAP *****************************************************************************
2024-11-18 17:25:39,760 p=33123 u=osboxes n=ansible | ERROR! the playbook: ansible/inventory/hosts could not be found
2024-11-18 17:25:54,083 p=33126 u=osboxes n=ansible | [WARNING]: No inventory was parsed, only implicit localhost is available

2024-11-18 17:25:54,087 p=33126 u=osboxes n=ansible | [WARNING]: provided hosts list is empty, only localhost is available. Note that the
implicit localhost does not match 'all'

2024-11-18 17:25:54,220 p=33126 u=osboxes n=ansible | ERROR! We were unable to read either as JSON nor YAML, these are the errors we got from each:
JSON: Expecting value: line 1 column 2 (char 1)

Syntax Error while loading YAML.
  did not find expected <document start>

The error appears to be in '/home/osboxes/UTN-FRA_SO_Examenes/202406/ansible/inventory/hosts': line 2, column 1, but may
be elsewhere in the file depending on the exact syntax problem.

The offending line appears to be:

[all:children]
testing
^ here

2024-11-18 17:27:30,873 p=33149 u=osboxes n=ansible | [WARNING]: A duplicate localhost-like entry was found (localhost). First found
localhost was 127.0.0.1

2024-11-18 17:27:31,043 p=33149 u=osboxes n=ansible | PLAY [all] *****************************************************************************
2024-11-18 17:27:31,062 p=33149 u=osboxes n=ansible | TASK [Gathering Facts] *****************************************************************
2024-11-18 17:27:31,119 p=33149 u=osboxes n=ansible | fatal: [127.0.0.1]: UNREACHABLE! => {"changed": false, "msg": "Failed to connect to the host via ssh: ssh: connect to host 127.0.0.1 port 22: Connection refused", "unreachable": true}
2024-11-18 17:27:32,147 p=33149 u=osboxes n=ansible | ok: [localhost]
2024-11-18 17:27:32,173 p=33149 u=osboxes n=ansible | TASK [include_role : 2do_parcial] ******************************************************
2024-11-18 17:27:32,212 p=33149 u=osboxes n=ansible | TASK [2do_parcial : debug] *************************************************************
2024-11-18 17:27:32,235 p=33149 u=osboxes n=ansible | ok: [localhost] => {
    "msg": "Tareas del 2do Parcial"
}
2024-11-18 17:27:32,244 p=33149 u=osboxes n=ansible | TASK [2do_parcial : Datos de Alumno] ***************************************************
2024-11-18 17:27:32,802 p=33149 u=osboxes n=ansible | changed: [localhost]
2024-11-18 17:27:32,811 p=33149 u=osboxes n=ansible | TASK [2do_parcial : Datos de la Maquina] ***********************************************
2024-11-18 17:27:33,182 p=33149 u=osboxes n=ansible | changed: [localhost]
2024-11-18 17:27:33,204 p=33149 u=osboxes n=ansible | TASK [Otra tarea] **********************************************************************
2024-11-18 17:27:33,226 p=33149 u=osboxes n=ansible | ok: [localhost] => {
    "msg": "Despues de la ejecucion del rol"
}
2024-11-18 17:27:33,259 p=33149 u=osboxes n=ansible | PLAY RECAP *****************************************************************************
2024-11-18 17:27:33,259 p=33149 u=osboxes n=ansible | 127.0.0.1                  : ok=0    changed=0    unreachable=1    failed=0    skipped=0    rescued=0    ignored=0   
2024-11-18 17:27:33,259 p=33149 u=osboxes n=ansible | localhost                  : ok=5    changed=2    unreachable=0    failed=0    skipped=0    rescued=0    ignored=0   
